0 info it worked if it ends with ok
1 verbose cli [ '/usr/local/bin/node', '/usr/local/bin/npm', 'publish' ]
2 info using npm@1.2.18
3 info using node@v0.10.6
4 verbose publish [ '.' ]
5 verbose read json /home/fsousa/src/crp/embers/cconv/package.json
6 verbose cache add [ '.', null ]
7 verbose cache add name=undefined spec="." args=[".",null]
8 verbose parsed url { protocol: null,
8 verbose parsed url   slashes: null,
8 verbose parsed url   auth: null,
8 verbose parsed url   host: null,
8 verbose parsed url   port: null,
8 verbose parsed url   hostname: null,
8 verbose parsed url   hash: null,
8 verbose parsed url   search: null,
8 verbose parsed url   query: null,
8 verbose parsed url   pathname: '.',
8 verbose parsed url   path: '.',
8 verbose parsed url   href: '.' }
9 silly lockFile 3a52ce78- .
10 verbose lock . /home/fsousa/.npm/3a52ce78-.lock
11 verbose read json package.json
12 verbose tar pack [ '/home/fsousa/tmp/npm-17916/1370257699881-0.6415744978003204/tmp.tgz',
12 verbose tar pack   '.' ]
13 verbose tarball /home/fsousa/tmp/npm-17916/1370257699881-0.6415744978003204/tmp.tgz
14 verbose folder .
15 info prepublish cconv@0.1.0
16 silly lockFile 3a52ce78- .
17 verbose lock . /home/fsousa/.npm/3a52ce78-.lock
18 silly lockFile c341d49f-99881-0-6415744978003204-tmp-tgz /home/fsousa/tmp/npm-17916/1370257699881-0.6415744978003204/tmp.tgz
19 verbose lock /home/fsousa/tmp/npm-17916/1370257699881-0.6415744978003204/tmp.tgz /home/fsousa/.npm/c341d49f-99881-0-6415744978003204-tmp-tgz.lock
20 silly lockFile 3a52ce78- .
21 silly lockFile 3a52ce78- .
22 silly lockFile c341d49f-99881-0-6415744978003204-tmp-tgz /home/fsousa/tmp/npm-17916/1370257699881-0.6415744978003204/tmp.tgz
23 silly lockFile c341d49f-99881-0-6415744978003204-tmp-tgz /home/fsousa/tmp/npm-17916/1370257699881-0.6415744978003204/tmp.tgz
24 verbose tar unpack /home/fsousa/tmp/npm-17916/1370257699881-0.6415744978003204/tmp.tgz
25 silly lockFile a08f3eff-99881-0-6415744978003204-package /home/fsousa/tmp/npm-17916/1370257699881-0.6415744978003204/package
26 verbose lock /home/fsousa/tmp/npm-17916/1370257699881-0.6415744978003204/package /home/fsousa/.npm/a08f3eff-99881-0-6415744978003204-package.lock
27 silly lockFile c341d49f-99881-0-6415744978003204-tmp-tgz /home/fsousa/tmp/npm-17916/1370257699881-0.6415744978003204/tmp.tgz
28 verbose lock /home/fsousa/tmp/npm-17916/1370257699881-0.6415744978003204/tmp.tgz /home/fsousa/.npm/c341d49f-99881-0-6415744978003204-tmp-tgz.lock
29 silly gunzTarPerm modes [ '755', '644' ]
30 silly gunzTarPerm extractEntry package.json
31 silly gunzTarPerm modified mode [ 'package.json', 436, 420 ]
32 silly gunzTarPerm extractEntry .npmignore
33 silly gunzTarPerm modified mode [ '.npmignore', 436, 420 ]
34 silly gunzTarPerm extractEntry cconv.js
35 silly gunzTarPerm modified mode [ 'cconv.js', 436, 420 ]
36 silly gunzTarPerm extractEntry wrap.js
37 silly gunzTarPerm modified mode [ 'wrap.js', 436, 420 ]
38 silly gunzTarPerm extractEntry Readme.md
39 silly gunzTarPerm modified mode [ 'Readme.md', 436, 420 ]
40 silly gunzTarPerm extractEntry test/test.js
41 silly gunzTarPerm modified mode [ 'test/test.js', 436, 420 ]
42 verbose read json /home/fsousa/tmp/npm-17916/1370257699881-0.6415744978003204/package/package.json
43 silly lockFile a08f3eff-99881-0-6415744978003204-package /home/fsousa/tmp/npm-17916/1370257699881-0.6415744978003204/package
44 silly lockFile a08f3eff-99881-0-6415744978003204-package /home/fsousa/tmp/npm-17916/1370257699881-0.6415744978003204/package
45 silly lockFile c341d49f-99881-0-6415744978003204-tmp-tgz /home/fsousa/tmp/npm-17916/1370257699881-0.6415744978003204/tmp.tgz
46 silly lockFile c341d49f-99881-0-6415744978003204-tmp-tgz /home/fsousa/tmp/npm-17916/1370257699881-0.6415744978003204/tmp.tgz
47 verbose from cache /home/fsousa/tmp/npm-17916/1370257699881-0.6415744978003204/package/package.json
48 verbose tar pack [ '/home/fsousa/.npm/cconv/0.1.0/package.tgz',
48 verbose tar pack   '/home/fsousa/tmp/npm-17916/1370257699881-0.6415744978003204/package' ]
49 verbose tarball /home/fsousa/.npm/cconv/0.1.0/package.tgz
50 verbose folder /home/fsousa/tmp/npm-17916/1370257699881-0.6415744978003204/package
51 silly lockFile a08f3eff-99881-0-6415744978003204-package /home/fsousa/tmp/npm-17916/1370257699881-0.6415744978003204/package
52 verbose lock /home/fsousa/tmp/npm-17916/1370257699881-0.6415744978003204/package /home/fsousa/.npm/a08f3eff-99881-0-6415744978003204-package.lock
53 silly lockFile eabf2252-ousa-npm-cconv-0-1-0-package-tgz /home/fsousa/.npm/cconv/0.1.0/package.tgz
54 verbose lock /home/fsousa/.npm/cconv/0.1.0/package.tgz /home/fsousa/.npm/eabf2252-ousa-npm-cconv-0-1-0-package-tgz.lock
55 silly lockFile a08f3eff-99881-0-6415744978003204-package /home/fsousa/tmp/npm-17916/1370257699881-0.6415744978003204/package
56 silly lockFile a08f3eff-99881-0-6415744978003204-package /home/fsousa/tmp/npm-17916/1370257699881-0.6415744978003204/package
57 silly lockFile eabf2252-ousa-npm-cconv-0-1-0-package-tgz /home/fsousa/.npm/cconv/0.1.0/package.tgz
58 silly lockFile eabf2252-ousa-npm-cconv-0-1-0-package-tgz /home/fsousa/.npm/cconv/0.1.0/package.tgz
59 silly lockFile cd2333c7-e-fsousa-npm-cconv-0-1-0-package /home/fsousa/.npm/cconv/0.1.0/package
60 verbose lock /home/fsousa/.npm/cconv/0.1.0/package /home/fsousa/.npm/cd2333c7-e-fsousa-npm-cconv-0-1-0-package.lock
61 silly lockFile cd2333c7-e-fsousa-npm-cconv-0-1-0-package /home/fsousa/.npm/cconv/0.1.0/package
62 silly lockFile cd2333c7-e-fsousa-npm-cconv-0-1-0-package /home/fsousa/.npm/cconv/0.1.0/package
63 verbose tar unpack /home/fsousa/.npm/cconv/0.1.0/package.tgz
64 silly lockFile cd2333c7-e-fsousa-npm-cconv-0-1-0-package /home/fsousa/.npm/cconv/0.1.0/package
65 verbose lock /home/fsousa/.npm/cconv/0.1.0/package /home/fsousa/.npm/cd2333c7-e-fsousa-npm-cconv-0-1-0-package.lock
66 silly lockFile eabf2252-ousa-npm-cconv-0-1-0-package-tgz /home/fsousa/.npm/cconv/0.1.0/package.tgz
67 verbose lock /home/fsousa/.npm/cconv/0.1.0/package.tgz /home/fsousa/.npm/eabf2252-ousa-npm-cconv-0-1-0-package-tgz.lock
68 silly gunzTarPerm modes [ '755', '644' ]
69 silly gunzTarPerm extractEntry package.json
70 silly gunzTarPerm extractEntry .npmignore
71 silly gunzTarPerm extractEntry cconv.js
72 silly gunzTarPerm extractEntry wrap.js
73 silly gunzTarPerm extractEntry Readme.md
74 silly gunzTarPerm extractEntry test/test.js
75 verbose read json /home/fsousa/.npm/cconv/0.1.0/package/package.json
76 silly lockFile cd2333c7-e-fsousa-npm-cconv-0-1-0-package /home/fsousa/.npm/cconv/0.1.0/package
77 silly lockFile cd2333c7-e-fsousa-npm-cconv-0-1-0-package /home/fsousa/.npm/cconv/0.1.0/package
78 silly lockFile eabf2252-ousa-npm-cconv-0-1-0-package-tgz /home/fsousa/.npm/cconv/0.1.0/package.tgz
79 silly lockFile eabf2252-ousa-npm-cconv-0-1-0-package-tgz /home/fsousa/.npm/cconv/0.1.0/package.tgz
80 silly shasum updated bytes 2202
81 info shasum dcefce66b72ca42d20c09878ebe5dfe2a901ea9a
81 info shasum /home/fsousa/.npm/cconv/0.1.0/package.tgz
82 verbose from cache /home/fsousa/.npm/cconv/0.1.0/package/package.json
83 verbose chmod /home/fsousa/.npm/cconv/0.1.0/package.tgz 644
84 verbose chown /home/fsousa/.npm/cconv/0.1.0/package.tgz [ 1000, 1000 ]
85 silly lockFile 3a52ce78- .
86 silly publish { name: 'cconv',
86 silly publish   version: '0.1.0',
86 silly publish   description: 'A Coordinate Conversion node module',
86 silly publish   main: 'cconv.js',
86 silly publish   directories: { test: 'test' },
86 silly publish   scripts: { test: 'tap test/test.js' },
86 silly publish   repository: { type: 'git', url: 'git://github.com/FireEmbers/cconv.git' },
86 silly publish   keywords:
86 silly publish    [ 'GIS',
86 silly publish      'coordinates',
86 silly publish      'conversion',
86 silly publish      'Easting',
86 silly publish      'Northing',
86 silly publish      'Latitude',
86 silly publish      'Longitude',
86 silly publish      'meters',
86 silly publish      'degrees',
86 silly publish      '' ],
86 silly publish   author: { name: 'Flávio Sousa' },
86 silly publish   license: 'BSD',
86 silly publish   readmeFilename: 'Readme.md',
86 silly publish   gitHead: 'fa4e050e94ad19f98dcb293342b981b0fca1fb40',
86 silly publish   devDependencies: { tap: '~0.4.3' },
86 silly publish   readme: '#cconv - A Coordinate Conversion node module\n\nIn the chaotic world of GIS coordinate systems, a node module rises to bring a message of hope and understanding.\n\nThis module converts from geodesic latitude/longitude(degrees) to projected coordinates Easting/Northing (metres), and also the other way around.\n\n##Usage\n\n`var cconv= require(\'cconv\')`\n\n`cB = cconv(sridA, sridB, cA, f);`\n\n`var sridA = 4258;` The srid of the coordinate system \n\n`var sridB = 3035;` The srid of the projected system\n\n###Forward\n\n`var f = true;`\n\n`var cA = [50.000,5.000];` [ latitude, longitude]\n\n`var cB = [];` [ Easting, Northing ]\n\n###Reverse\n\n`var f = true;`\n\n`var cA = [3962799.45, 2999718.85 ];` [ Easting, Northing ]\n\n`var cB = [];` [ latitude, longitude ]\n\n##install\n`npm install cconv`\n\n\n##References\nhttp://www.epsg.org/guides/docs/G7-2.pdf\n\n(pag72 mainly)\n\n\n\n\n\n',
86 silly publish   _id: 'cconv@0.1.0',
86 silly publish   dist: { shasum: 'dcefce66b72ca42d20c09878ebe5dfe2a901ea9a' },
86 silly publish   _from: '.' }
87 verbose url raw cconv
88 verbose url resolving [ 'https://registry.npmjs.org/', './cconv' ]
89 verbose url resolved https://registry.npmjs.org/cconv
90 info trying registry request attempt 1 at 12:08:31
91 http PUT https://registry.npmjs.org/cconv
92 http 409 https://registry.npmjs.org/cconv
93 verbose url raw cconv
94 verbose url resolving [ 'https://registry.npmjs.org/', './cconv' ]
95 verbose url resolved https://registry.npmjs.org/cconv
96 info trying registry request attempt 1 at 12:08:33
97 http GET https://registry.npmjs.org/cconv
98 http 200 https://registry.npmjs.org/cconv
99 error publish fail Cannot publish over existing version.
99 error publish fail Update the 'version' field in package.json and try again.
99 error publish fail
99 error publish fail If the previous version was published in error, see:
99 error publish fail     npm help unpublish
99 error publish fail
99 error publish fail To automatically increment version numbers, see:
99 error publish fail     npm help version
100 error System Linux 3.5.0-27-generic
101 error command "/usr/local/bin/node" "/usr/local/bin/npm" "publish"
102 error cwd /home/fsousa/src/crp/embers/cconv
103 error node -v v0.10.6
104 error npm -v 1.2.18
105 error code EPUBLISHCONFLICT
106 verbose exit [ 1, true ]
